Eyl 16, 2022 3:46:32 ÖS com.example.workflow.CamundaLogger Log
INFO: Requesting form values from Camunda Service ...
Eyl 16, 2022 3:46:32 ÖS com.example.workflow.CamundaLogger Log
INFO: Form values received from Camunda Service
Eyl 16, 2022 3:46:32 ÖS com.example.workflow.CamundaLogger Log
INFO: Controller is starting to create user
Eyl 16, 2022 3:46:32 ÖS com.example.workflow.CamundaLogger Log
INFO: Controller is started to create user
Eyl 16, 2022 3:46:32 ÖS com.example.workflow.CamundaLogger Log
INFO: User creating has been started
Eyl 16, 2022 3:46:32 ÖS com.example.workflow.CamundaLogger Log
INFO: Setting connection has started
Eyl 16, 2022 3:46:32 ÖS com.example.workflow.CamundaLogger Log
INFO: Connection has been set
Eyl 16, 2022 3:46:32 ÖS com.example.workflow.CamundaLogger Log
INFO: Setting user informations with id mert45
Eyl 16, 2022 3:46:32 ÖS com.example.workflow.CamundaLogger Log
INFO: User informations has been set
Eyl 16, 2022 3:46:32 ÖS com.example.workflow.CamundaLogger Log
INFO: Setting user credentials with id mert45
Eyl 16, 2022 3:46:32 ÖS com.example.workflow.CamundaLogger Log
INFO: User credentials has been set
Eyl 16, 2022 3:46:34 ÖS com.example.workflow.CamundaLogger Log
INFO: HTTP Post Request sent
Eyl 16, 2022 3:46:34 ÖS com.example.workflow.CamundaLogger Log
INFO: User created with id mert45
Eyl 16, 2022 3:46:34 ÖS com.example.workflow.CamundaLogger Log
INFO: Requesting form values from Camunda Service ...
Eyl 16, 2022 3:46:34 ÖS com.example.workflow.CamundaLogger Log
INFO: Form values received from Camunda Service
Eyl 16, 2022 3:46:34 ÖS com.example.workflow.CamundaLogger Log
INFO: Controller is starting to create user
Eyl 16, 2022 3:46:34 ÖS com.example.workflow.CamundaLogger Log
INFO: Controller is started to create user
Eyl 16, 2022 3:46:34 ÖS com.example.workflow.CamundaLogger Log
INFO: User creating has been started
Eyl 16, 2022 3:46:34 ÖS com.example.workflow.CamundaLogger Log
INFO: Setting connection has started
Eyl 16, 2022 3:46:34 ÖS com.example.workflow.CamundaLogger Log
INFO: Connection has been set
Eyl 16, 2022 3:46:34 ÖS com.example.workflow.CamundaLogger Log
INFO: Setting user informations with id mert45
Eyl 16, 2022 3:46:34 ÖS com.example.workflow.CamundaLogger Log
INFO: User informations has been set
Eyl 16, 2022 3:46:34 ÖS com.example.workflow.CamundaLogger Log
INFO: Setting user credentials with id mert45
Eyl 16, 2022 3:46:34 ÖS com.example.workflow.CamundaLogger Log
INFO: User credentials has been set
Eyl 16, 2022 3:46:34 ÖS com.example.workflow.CamundaLogger Log
INFO: HTTP Post Request sent
Eyl 16, 2022 3:46:34 ÖS com.example.workflow.CamundaLogger Log
INFO: User created with id mert45
Eyl 16, 2022 3:46:34 ÖS com.example.workflow.CamundaLogger Log
INFO: Requesting form values from Camunda Service ...
Eyl 16, 2022 3:46:34 ÖS com.example.workflow.CamundaLogger Log
INFO: Form values received from Camunda Service
Eyl 16, 2022 3:46:34 ÖS com.example.workflow.CamundaLogger Log
INFO: Controller is starting to create user
Eyl 16, 2022 3:46:34 ÖS com.example.workflow.CamundaLogger Log
INFO: Controller is started to create user
Eyl 16, 2022 3:46:34 ÖS com.example.workflow.CamundaLogger Log
INFO: User creating has been started
Eyl 16, 2022 3:46:34 ÖS com.example.workflow.CamundaLogger Log
INFO: Setting connection has started
Eyl 16, 2022 3:46:34 ÖS com.example.workflow.CamundaLogger Log
INFO: Connection has been set
Eyl 16, 2022 3:46:34 ÖS com.example.workflow.CamundaLogger Log
INFO: Setting user informations with id mert45
Eyl 16, 2022 3:46:34 ÖS com.example.workflow.CamundaLogger Log
INFO: User informations has been set
Eyl 16, 2022 3:46:34 ÖS com.example.workflow.CamundaLogger Log
INFO: Setting user credentials with id mert45
Eyl 16, 2022 3:46:34 ÖS com.example.workflow.CamundaLogger Log
INFO: User credentials has been set
Eyl 16, 2022 3:46:34 ÖS com.example.workflow.CamundaLogger Log
INFO: HTTP Post Request sent
Eyl 16, 2022 3:46:34 ÖS com.example.workflow.CamundaLogger Log
INFO: User created with id mert45
Eyl 16, 2022 3:46:34 ÖS com.example.workflow.CamundaLogger Log
INFO: Requesting form values from Camunda Service ...
Eyl 16, 2022 3:46:34 ÖS com.example.workflow.CamundaLogger Log
INFO: Form values received from Camunda Service
Eyl 16, 2022 3:46:34 ÖS com.example.workflow.CamundaLogger Log
INFO: Controller is starting to create user
Eyl 16, 2022 3:46:34 ÖS com.example.workflow.CamundaLogger Log
INFO: Controller is started to create user
Eyl 16, 2022 3:46:34 ÖS com.example.workflow.CamundaLogger Log
INFO: User creating has been started
Eyl 16, 2022 3:46:34 ÖS com.example.workflow.CamundaLogger Log
INFO: Setting connection has started
Eyl 16, 2022 3:46:34 ÖS com.example.workflow.CamundaLogger Log
INFO: Connection has been set
Eyl 16, 2022 3:46:34 ÖS com.example.workflow.CamundaLogger Log
INFO: Setting user informations with id mert45
Eyl 16, 2022 3:46:34 ÖS com.example.workflow.CamundaLogger Log
INFO: User informations has been set
Eyl 16, 2022 3:46:34 ÖS com.example.workflow.CamundaLogger Log
INFO: Setting user credentials with id mert45
Eyl 16, 2022 3:46:34 ÖS com.example.workflow.CamundaLogger Log
INFO: User credentials has been set
Eyl 16, 2022 3:46:34 ÖS com.example.workflow.CamundaLogger Log
INFO: HTTP Post Request sent
Eyl 16, 2022 3:46:34 ÖS com.example.workflow.CamundaLogger Log
INFO: User created with id mert45
Eyl 16, 2022 3:46:34 ÖS com.example.workflow.CamundaLogger Log
INFO: Requesting form values from Camunda Service ...
Eyl 16, 2022 3:46:34 ÖS com.example.workflow.CamundaLogger Log
INFO: Form values received from Camunda Service
Eyl 16, 2022 3:46:34 ÖS com.example.workflow.CamundaLogger Log
INFO: Controller is starting to create user
Eyl 16, 2022 3:46:34 ÖS com.example.workflow.CamundaLogger Log
INFO: Controller is started to create user
Eyl 16, 2022 3:46:34 ÖS com.example.workflow.CamundaLogger Log
INFO: User creating has been started
Eyl 16, 2022 3:46:34 ÖS com.example.workflow.CamundaLogger Log
INFO: Setting connection has started
Eyl 16, 2022 3:46:34 ÖS com.example.workflow.CamundaLogger Log
INFO: Connection has been set
Eyl 16, 2022 3:46:34 ÖS com.example.workflow.CamundaLogger Log
INFO: Setting user informations with id mert45
Eyl 16, 2022 3:46:34 ÖS com.example.workflow.CamundaLogger Log
INFO: User informations has been set
Eyl 16, 2022 3:46:34 ÖS com.example.workflow.CamundaLogger Log
INFO: Setting user credentials with id mert45
Eyl 16, 2022 3:46:34 ÖS com.example.workflow.CamundaLogger Log
INFO: User credentials has been set
Eyl 16, 2022 3:46:34 ÖS com.example.workflow.CamundaLogger Log
INFO: HTTP Post Request sent
Eyl 16, 2022 3:46:34 ÖS com.example.workflow.CamundaLogger Log
INFO: User created with id mert45
Eyl 16, 2022 3:46:34 ÖS com.example.workflow.CamundaLogger Log
INFO: Requesting form values from Camunda Service ...
Eyl 16, 2022 3:46:34 ÖS com.example.workflow.CamundaLogger Log
INFO: Form values received from Camunda Service
Eyl 16, 2022 3:46:34 ÖS com.example.workflow.CamundaLogger Log
INFO: Controller is starting to create user
Eyl 16, 2022 3:46:34 ÖS com.example.workflow.CamundaLogger Log
INFO: Controller is started to create user
Eyl 16, 2022 3:46:34 ÖS com.example.workflow.CamundaLogger Log
INFO: User creating has been started
Eyl 16, 2022 3:46:34 ÖS com.example.workflow.CamundaLogger Log
INFO: Setting connection has started
Eyl 16, 2022 3:46:34 ÖS com.example.workflow.CamundaLogger Log
INFO: Connection has been set
Eyl 16, 2022 3:46:34 ÖS com.example.workflow.CamundaLogger Log
INFO: Setting user informations with id mert45
Eyl 16, 2022 3:46:34 ÖS com.example.workflow.CamundaLogger Log
INFO: User informations has been set
Eyl 16, 2022 3:46:34 ÖS com.example.workflow.CamundaLogger Log
INFO: Setting user credentials with id mert45
Eyl 16, 2022 3:46:34 ÖS com.example.workflow.CamundaLogger Log
INFO: User credentials has been set
Eyl 16, 2022 3:46:35 ÖS com.example.workflow.CamundaLogger Log
INFO: HTTP Post Request sent
Eyl 16, 2022 3:46:35 ÖS com.example.workflow.CamundaLogger Log
INFO: User created with id mert45
Eyl 16, 2022 3:46:35 ÖS com.example.workflow.CamundaLogger Log
INFO: Requesting form values from Camunda Service ...
Eyl 16, 2022 3:46:35 ÖS com.example.workflow.CamundaLogger Log
INFO: Form values received from Camunda Service
Eyl 16, 2022 3:46:35 ÖS com.example.workflow.CamundaLogger Log
INFO: Controller is starting to create user
Eyl 16, 2022 3:46:35 ÖS com.example.workflow.CamundaLogger Log
INFO: Controller is started to create user
Eyl 16, 2022 3:46:35 ÖS com.example.workflow.CamundaLogger Log
INFO: User creating has been started
Eyl 16, 2022 3:46:35 ÖS com.example.workflow.CamundaLogger Log
INFO: Setting connection has started
Eyl 16, 2022 3:46:35 ÖS com.example.workflow.CamundaLogger Log
INFO: Connection has been set
Eyl 16, 2022 3:46:35 ÖS com.example.workflow.CamundaLogger Log
INFO: Setting user informations with id mert45
Eyl 16, 2022 3:46:35 ÖS com.example.workflow.CamundaLogger Log
INFO: User informations has been set
Eyl 16, 2022 3:46:35 ÖS com.example.workflow.CamundaLogger Log
INFO: Setting user credentials with id mert45
Eyl 16, 2022 3:46:35 ÖS com.example.workflow.CamundaLogger Log
INFO: User credentials has been set
Eyl 16, 2022 3:46:35 ÖS com.example.workflow.CamundaLogger Log
INFO: HTTP Post Request sent
Eyl 16, 2022 3:46:35 ÖS com.example.workflow.CamundaLogger Log
INFO: User created with id mert45
Eyl 16, 2022 3:46:35 ÖS com.example.workflow.CamundaLogger Log
INFO: Requesting form values from Camunda Service ...
Eyl 16, 2022 3:46:35 ÖS com.example.workflow.CamundaLogger Log
INFO: Form values received from Camunda Service
Eyl 16, 2022 3:46:35 ÖS com.example.workflow.CamundaLogger Log
INFO: Controller is starting to create user
Eyl 16, 2022 3:46:35 ÖS com.example.workflow.CamundaLogger Log
INFO: Controller is started to create user
Eyl 16, 2022 3:46:35 ÖS com.example.workflow.CamundaLogger Log
INFO: User creating has been started
Eyl 16, 2022 3:46:35 ÖS com.example.workflow.CamundaLogger Log
INFO: Setting connection has started
Eyl 16, 2022 3:46:35 ÖS com.example.workflow.CamundaLogger Log
INFO: Connection has been set
Eyl 16, 2022 3:46:35 ÖS com.example.workflow.CamundaLogger Log
INFO: Setting user informations with id mert45
Eyl 16, 2022 3:46:35 ÖS com.example.workflow.CamundaLogger Log
INFO: User informations has been set
Eyl 16, 2022 3:46:35 ÖS com.example.workflow.CamundaLogger Log
INFO: Setting user credentials with id mert45
Eyl 16, 2022 3:46:35 ÖS com.example.workflow.CamundaLogger Log
INFO: User credentials has been set
Eyl 16, 2022 3:46:35 ÖS com.example.workflow.CamundaLogger Log
INFO: HTTP Post Request sent
Eyl 16, 2022 3:46:35 ÖS com.example.workflow.CamundaLogger Log
INFO: User created with id mert45
Eyl 16, 2022 3:46:35 ÖS com.example.workflow.CamundaLogger Log
INFO: Requesting form values from Camunda Service ...
Eyl 16, 2022 3:46:35 ÖS com.example.workflow.CamundaLogger Log
INFO: Form values received from Camunda Service
Eyl 16, 2022 3:46:35 ÖS com.example.workflow.CamundaLogger Log
INFO: Controller is starting to create user
Eyl 16, 2022 3:46:35 ÖS com.example.workflow.CamundaLogger Log
INFO: Controller is started to create user
Eyl 16, 2022 3:46:35 ÖS com.example.workflow.CamundaLogger Log
INFO: User creating has been started
Eyl 16, 2022 3:46:35 ÖS com.example.workflow.CamundaLogger Log
INFO: Setting connection has started
Eyl 16, 2022 3:46:35 ÖS com.example.workflow.CamundaLogger Log
INFO: Connection has been set
Eyl 16, 2022 3:46:35 ÖS com.example.workflow.CamundaLogger Log
INFO: Setting user informations with id mert45
Eyl 16, 2022 3:46:35 ÖS com.example.workflow.CamundaLogger Log
INFO: User informations has been set
Eyl 16, 2022 3:46:35 ÖS com.example.workflow.CamundaLogger Log
INFO: Setting user credentials with id mert45
Eyl 16, 2022 3:46:35 ÖS com.example.workflow.CamundaLogger Log
INFO: User credentials has been set
Eyl 16, 2022 3:46:35 ÖS com.example.workflow.CamundaLogger Log
INFO: HTTP Post Request sent
Eyl 16, 2022 3:46:35 ÖS com.example.workflow.CamundaLogger Log
INFO: User created with id mert45
Eyl 16, 2022 3:46:35 ÖS com.example.workflow.CamundaLogger Log
INFO: Requesting form values from Camunda Service ...
Eyl 16, 2022 3:46:35 ÖS com.example.workflow.CamundaLogger Log
INFO: Form values received from Camunda Service
Eyl 16, 2022 3:46:35 ÖS com.example.workflow.CamundaLogger Log
INFO: Controller is starting to create user
Eyl 16, 2022 3:46:35 ÖS com.example.workflow.CamundaLogger Log
INFO: Controller is started to create user
Eyl 16, 2022 3:46:35 ÖS com.example.workflow.CamundaLogger Log
INFO: User creating has been started
Eyl 16, 2022 3:46:35 ÖS com.example.workflow.CamundaLogger Log
INFO: Setting connection has started
Eyl 16, 2022 3:46:35 ÖS com.example.workflow.CamundaLogger Log
INFO: Connection has been set
Eyl 16, 2022 3:46:35 ÖS com.example.workflow.CamundaLogger Log
INFO: Setting user informations with id mert45
Eyl 16, 2022 3:46:36 ÖS com.example.workflow.CamundaLogger Log
INFO: User informations has been set
Eyl 16, 2022 3:46:36 ÖS com.example.workflow.CamundaLogger Log
INFO: Setting user credentials with id mert45
Eyl 16, 2022 3:46:36 ÖS com.example.workflow.CamundaLogger Log
INFO: User credentials has been set
Eyl 16, 2022 3:46:36 ÖS com.example.workflow.CamundaLogger Log
INFO: HTTP Post Request sent
Eyl 16, 2022 3:46:36 ÖS com.example.workflow.CamundaLogger Log
INFO: User created with id mert45
Eyl 16, 2022 3:46:36 ÖS com.example.workflow.CamundaLogger Log
INFO: Requesting form values from Camunda Service ...
Eyl 16, 2022 3:46:36 ÖS com.example.workflow.CamundaLogger Log
INFO: Form values received from Camunda Service
Eyl 16, 2022 3:46:36 ÖS com.example.workflow.CamundaLogger Log
INFO: Controller is starting to create user
Eyl 16, 2022 3:46:36 ÖS com.example.workflow.CamundaLogger Log
INFO: Controller is started to create user
Eyl 16, 2022 3:46:36 ÖS com.example.workflow.CamundaLogger Log
INFO: User creating has been started
Eyl 16, 2022 3:46:36 ÖS com.example.workflow.CamundaLogger Log
INFO: Setting connection has started
Eyl 16, 2022 3:46:36 ÖS com.example.workflow.CamundaLogger Log
INFO: Connection has been set
Eyl 16, 2022 3:46:36 ÖS com.example.workflow.CamundaLogger Log
INFO: Setting user informations with id mert45
Eyl 16, 2022 3:46:36 ÖS com.example.workflow.CamundaLogger Log
INFO: User informations has been set
Eyl 16, 2022 3:46:36 ÖS com.example.workflow.CamundaLogger Log
INFO: Setting user credentials with id mert45
Eyl 16, 2022 3:46:36 ÖS com.example.workflow.CamundaLogger Log
INFO: User credentials has been set
Eyl 16, 2022 3:46:36 ÖS com.example.workflow.CamundaLogger Log
INFO: HTTP Post Request sent
Eyl 16, 2022 3:46:36 ÖS com.example.workflow.CamundaLogger Log
INFO: User created with id mert45
Eyl 16, 2022 3:46:36 ÖS com.example.workflow.CamundaLogger Log
INFO: Requesting form values from Camunda Service ...
Eyl 16, 2022 3:46:36 ÖS com.example.workflow.CamundaLogger Log
INFO: Form values received from Camunda Service
Eyl 16, 2022 3:46:36 ÖS com.example.workflow.CamundaLogger Log
INFO: Controller is starting to create user
Eyl 16, 2022 3:46:36 ÖS com.example.workflow.CamundaLogger Log
INFO: Controller is started to create user
Eyl 16, 2022 3:46:36 ÖS com.example.workflow.CamundaLogger Log
INFO: User creating has been started
Eyl 16, 2022 3:46:36 ÖS com.example.workflow.CamundaLogger Log
INFO: Setting connection has started
Eyl 16, 2022 3:46:36 ÖS com.example.workflow.CamundaLogger Log
INFO: Connection has been set
Eyl 16, 2022 3:46:36 ÖS com.example.workflow.CamundaLogger Log
INFO: Setting user informations with id mert45
Eyl 16, 2022 3:46:36 ÖS com.example.workflow.CamundaLogger Log
INFO: User informations has been set
Eyl 16, 2022 3:46:36 ÖS com.example.workflow.CamundaLogger Log
INFO: Setting user credentials with id mert45
Eyl 16, 2022 3:46:36 ÖS com.example.workflow.CamundaLogger Log
INFO: User credentials has been set
Eyl 16, 2022 3:46:36 ÖS com.example.workflow.CamundaLogger Log
INFO: HTTP Post Request sent
Eyl 16, 2022 3:46:36 ÖS com.example.workflow.CamundaLogger Log
INFO: User created with id mert45
Eyl 16, 2022 3:46:36 ÖS com.example.workflow.CamundaLogger Log
INFO: Requesting form values from Camunda Service ...
Eyl 16, 2022 3:46:36 ÖS com.example.workflow.CamundaLogger Log
INFO: Form values received from Camunda Service
Eyl 16, 2022 3:46:36 ÖS com.example.workflow.CamundaLogger Log
INFO: Controller is starting to create user
Eyl 16, 2022 3:46:36 ÖS com.example.workflow.CamundaLogger Log
INFO: Controller is started to create user
Eyl 16, 2022 3:46:36 ÖS com.example.workflow.CamundaLogger Log
INFO: User creating has been started
Eyl 16, 2022 3:46:36 ÖS com.example.workflow.CamundaLogger Log
INFO: Setting connection has started
Eyl 16, 2022 3:46:36 ÖS com.example.workflow.CamundaLogger Log
INFO: Connection has been set
Eyl 16, 2022 3:46:36 ÖS com.example.workflow.CamundaLogger Log
INFO: Setting user informations with id mert45
Eyl 16, 2022 3:46:36 ÖS com.example.workflow.CamundaLogger Log
INFO: User informations has been set
Eyl 16, 2022 3:46:36 ÖS com.example.workflow.CamundaLogger Log
INFO: Setting user credentials with id mert45
Eyl 16, 2022 3:46:36 ÖS com.example.workflow.CamundaLogger Log
INFO: User credentials has been set
Eyl 16, 2022 3:46:37 ÖS com.example.workflow.CamundaLogger Log
INFO: HTTP Post Request sent
Eyl 16, 2022 3:46:37 ÖS com.example.workflow.CamundaLogger Log
INFO: User created with id mert45
Eyl 16, 2022 3:46:37 ÖS com.example.workflow.CamundaLogger Log
INFO: Requesting form values from Camunda Service ...
Eyl 16, 2022 3:46:37 ÖS com.example.workflow.CamundaLogger Log
INFO: Form values received from Camunda Service
Eyl 16, 2022 3:46:37 ÖS com.example.workflow.CamundaLogger Log
INFO: Controller is starting to create user
Eyl 16, 2022 3:46:37 ÖS com.example.workflow.CamundaLogger Log
INFO: Controller is started to create user
Eyl 16, 2022 3:46:37 ÖS com.example.workflow.CamundaLogger Log
INFO: User creating has been started
Eyl 16, 2022 3:46:37 ÖS com.example.workflow.CamundaLogger Log
INFO: Setting connection has started
Eyl 16, 2022 3:46:37 ÖS com.example.workflow.CamundaLogger Log
INFO: Connection has been set
Eyl 16, 2022 3:46:37 ÖS com.example.workflow.CamundaLogger Log
INFO: Setting user informations with id mert45
Eyl 16, 2022 3:46:37 ÖS com.example.workflow.CamundaLogger Log
INFO: User informations has been set
Eyl 16, 2022 3:46:37 ÖS com.example.workflow.CamundaLogger Log
INFO: Setting user credentials with id mert45
Eyl 16, 2022 3:46:37 ÖS com.example.workflow.CamundaLogger Log
INFO: User credentials has been set
Eyl 16, 2022 3:46:37 ÖS com.example.workflow.CamundaLogger Log
INFO: HTTP Post Request sent
Eyl 16, 2022 3:46:37 ÖS com.example.workflow.CamundaLogger Log
INFO: User created with id mert45
Eyl 16, 2022 3:46:37 ÖS com.example.workflow.CamundaLogger Log
INFO: Requesting form values from Camunda Service ...
Eyl 16, 2022 3:46:37 ÖS com.example.workflow.CamundaLogger Log
INFO: Form values received from Camunda Service
Eyl 16, 2022 3:46:37 ÖS com.example.workflow.CamundaLogger Log
INFO: Controller is starting to create user
Eyl 16, 2022 3:46:37 ÖS com.example.workflow.CamundaLogger Log
INFO: Controller is started to create user
Eyl 16, 2022 3:46:37 ÖS com.example.workflow.CamundaLogger Log
INFO: User creating has been started
Eyl 16, 2022 3:46:37 ÖS com.example.workflow.CamundaLogger Log
INFO: Setting connection has started
Eyl 16, 2022 3:46:37 ÖS com.example.workflow.CamundaLogger Log
INFO: Connection has been set
Eyl 16, 2022 3:46:37 ÖS com.example.workflow.CamundaLogger Log
INFO: Setting user informations with id mert45
Eyl 16, 2022 3:46:37 ÖS com.example.workflow.CamundaLogger Log
INFO: User informations has been set
Eyl 16, 2022 3:46:37 ÖS com.example.workflow.CamundaLogger Log
INFO: Setting user credentials with id mert45
Eyl 16, 2022 3:46:37 ÖS com.example.workflow.CamundaLogger Log
INFO: User credentials has been set
Eyl 16, 2022 3:46:37 ÖS com.example.workflow.CamundaLogger Log
INFO: HTTP Post Request sent
Eyl 16, 2022 3:46:37 ÖS com.example.workflow.CamundaLogger Log
INFO: User created with id mert45
Eyl 16, 2022 3:46:37 ÖS com.example.workflow.CamundaLogger Log
INFO: Requesting form values from Camunda Service ...
Eyl 16, 2022 3:46:37 ÖS com.example.workflow.CamundaLogger Log
INFO: Form values received from Camunda Service
Eyl 16, 2022 3:46:37 ÖS com.example.workflow.CamundaLogger Log
INFO: Controller is starting to create user
Eyl 16, 2022 3:46:37 ÖS com.example.workflow.CamundaLogger Log
INFO: Controller is started to create user
Eyl 16, 2022 3:46:37 ÖS com.example.workflow.CamundaLogger Log
INFO: User creating has been started
Eyl 16, 2022 3:46:37 ÖS com.example.workflow.CamundaLogger Log
INFO: Setting connection has started
Eyl 16, 2022 3:46:37 ÖS com.example.workflow.CamundaLogger Log
INFO: Connection has been set
Eyl 16, 2022 3:46:37 ÖS com.example.workflow.CamundaLogger Log
INFO: Setting user informations with id mert45
Eyl 16, 2022 3:46:37 ÖS com.example.workflow.CamundaLogger Log
INFO: User informations has been set
Eyl 16, 2022 3:46:37 ÖS com.example.workflow.CamundaLogger Log
INFO: Setting user credentials with id mert45
Eyl 16, 2022 3:46:37 ÖS com.example.workflow.CamundaLogger Log
INFO: User credentials has been set
Eyl 16, 2022 3:49:08 ÖS com.example.workflow.CamundaLogger Log
INFO: Requesting form values from Camunda Service ...
Eyl 16, 2022 3:49:08 ÖS com.example.workflow.CamundaLogger Log
INFO: Form values received from Camunda Service
Eyl 16, 2022 3:49:08 ÖS com.example.workflow.CamundaLogger Log
INFO: Controller is starting to create user
Eyl 16, 2022 3:49:08 ÖS com.example.workflow.CamundaLogger Log
INFO: Controller is started to create user
Eyl 16, 2022 3:49:08 ÖS com.example.workflow.CamundaLogger Log
INFO: User creating has been started
Eyl 16, 2022 3:49:08 ÖS com.example.workflow.CamundaLogger Log
INFO: Setting connection has started
Eyl 16, 2022 3:49:08 ÖS com.example.workflow.CamundaLogger Log
INFO: Connection has been set
Eyl 16, 2022 3:49:08 ÖS com.example.workflow.CamundaLogger Log
INFO: Setting user informations with id taylan
Eyl 16, 2022 3:49:08 ÖS com.example.workflow.CamundaLogger Log
INFO: User informations has been set
Eyl 16, 2022 3:49:08 ÖS com.example.workflow.CamundaLogger Log
INFO: Setting user credentials with id taylan
Eyl 16, 2022 3:49:08 ÖS com.example.workflow.CamundaLogger Log
INFO: User credentials has been set
Eyl 16, 2022 3:49:09 ÖS com.example.workflow.CamundaLogger Log
INFO: HTTP Post Request sent
Eyl 16, 2022 3:49:09 ÖS com.example.workflow.CamundaLogger Log
INFO: User created with id taylan
Eyl 19, 2022 10:34:47 ÖÖ com.example.workflow.CamundaLogger Log
INFO: Requesting form values from Camunda Service ...
Eyl 19, 2022 10:34:47 ÖÖ com.example.workflow.CamundaLogger Log
INFO: Form values received from Camunda Service
Eyl 19, 2022 10:34:47 ÖÖ com.example.workflow.CamundaLogger Log
INFO: Controller is starting to create user
Eyl 19, 2022 10:34:47 ÖÖ com.example.workflow.CamundaLogger Log
INFO: Controller is started to create user
Eyl 19, 2022 10:34:47 ÖÖ com.example.workflow.CamundaLogger Log
INFO: User creating has been started
Eyl 19, 2022 10:34:47 ÖÖ com.example.workflow.CamundaLogger Log
INFO: Setting connection has started
Eyl 19, 2022 10:34:47 ÖÖ com.example.workflow.CamundaLogger Log
INFO: Connection has been set
Eyl 19, 2022 10:34:47 ÖÖ com.example.workflow.CamundaLogger Log
INFO: Setting user informations with id merttest1
Eyl 19, 2022 10:34:47 ÖÖ com.example.workflow.CamundaLogger Log
INFO: User informations has been set
Eyl 19, 2022 10:34:47 ÖÖ com.example.workflow.CamundaLogger Log
INFO: Setting user credentials with id merttest1
Eyl 19, 2022 10:34:47 ÖÖ com.example.workflow.CamundaLogger Log
INFO: User credentials has been set
Eyl 19, 2022 10:34:49 ÖÖ com.example.workflow.CamundaLogger Log
INFO: HTTP Post Request sent
Eyl 19, 2022 10:34:49 ÖÖ com.example.workflow.CamundaLogger Log
INFO: User created with id merttest1
Eyl 19, 2022 2:30:56 ÖS com.example.workflow.CamundaLogger Log
INFO: Requesting form values from Camunda Service ...
Eyl 19, 2022 2:30:56 ÖS com.example.workflow.CamundaLogger Log
INFO: Form values received from Camunda Service
Eyl 19, 2022 2:30:56 ÖS com.example.workflow.CamundaLogger Log
INFO: Controller is starting to create user
Eyl 19, 2022 2:30:56 ÖS com.example.workflow.CamundaLogger Log
INFO: Controller is started to create user
Eyl 19, 2022 2:30:56 ÖS com.example.workflow.CamundaLogger Log
INFO: User creating has been started
Eyl 19, 2022 2:30:56 ÖS com.example.workflow.CamundaLogger Log
INFO: Setting connection has started
Eyl 19, 2022 2:30:56 ÖS com.example.workflow.CamundaLogger Log
INFO: Connection has been set
Eyl 19, 2022 2:30:56 ÖS com.example.workflow.CamundaLogger Log
INFO: Setting user informations with id asd
Eyl 19, 2022 2:30:56 ÖS com.example.workflow.CamundaLogger Log
INFO: User informations has been set
Eyl 19, 2022 2:30:56 ÖS com.example.workflow.CamundaLogger Log
INFO: Setting user credentials with id asd
Eyl 19, 2022 2:30:56 ÖS com.example.workflow.CamundaLogger Log
INFO: User credentials has been set
Eyl 19, 2022 2:30:56 ÖS com.example.workflow.CamundaLogger Log
SEVERE: An error occured while calling api with POST request. Details : 
 Connect to localhost:7040 [localhost/127.0.0.1, localhost/0:0:0:0:0:0:0:1] failed: Connection refused: connect
Eyl 19, 2022 2:30:56 ÖS com.example.workflow.CamundaLogger Log
INFO: User created with id asd
Eyl 19, 2022 2:32:35 ÖS com.example.workflow.CamundaLogger Log
INFO: Requesting form values from Camunda Service ...
Eyl 19, 2022 2:32:35 ÖS com.example.workflow.CamundaLogger Log
INFO: Form values received from Camunda Service
Eyl 19, 2022 2:32:35 ÖS com.example.workflow.CamundaLogger Log
INFO: Controller is starting to create user
Eyl 19, 2022 2:32:35 ÖS com.example.workflow.CamundaLogger Log
INFO: Controller is started to create user
Eyl 19, 2022 2:32:35 ÖS com.example.workflow.CamundaLogger Log
INFO: User creating has been started
Eyl 19, 2022 2:32:35 ÖS com.example.workflow.CamundaLogger Log
INFO: Setting connection has started
Eyl 19, 2022 2:32:35 ÖS com.example.workflow.CamundaLogger Log
INFO: Connection has been set
Eyl 19, 2022 2:32:35 ÖS com.example.workflow.CamundaLogger Log
INFO: Setting user informations with id asd1
Eyl 19, 2022 2:32:35 ÖS com.example.workflow.CamundaLogger Log
INFO: User informations has been set
Eyl 19, 2022 2:32:35 ÖS com.example.workflow.CamundaLogger Log
INFO: Setting user credentials with id asd1
Eyl 19, 2022 2:32:35 ÖS com.example.workflow.CamundaLogger Log
INFO: User credentials has been set
Eyl 19, 2022 2:32:35 ÖS com.example.workflow.CamundaLogger Log
SEVERE: An error occured while calling api with POST request. Details : 
 Connect to localhost:7040 [localhost/127.0.0.1, localhost/0:0:0:0:0:0:0:1] failed: Connection refused: connect
Eyl 19, 2022 2:32:35 ÖS com.example.workflow.CamundaLogger Log
INFO: User created with id asd1
Eyl 19, 2022 2:33:45 ÖS com.example.workflow.CamundaLogger Log
INFO: Requesting form values from Camunda Service ...
Eyl 19, 2022 2:33:45 ÖS com.example.workflow.CamundaLogger Log
INFO: Form values received from Camunda Service
Eyl 19, 2022 2:33:45 ÖS com.example.workflow.CamundaLogger Log
INFO: Controller is starting to create user
Eyl 19, 2022 2:33:45 ÖS com.example.workflow.CamundaLogger Log
INFO: Controller is started to create user
Eyl 19, 2022 2:33:45 ÖS com.example.workflow.CamundaLogger Log
INFO: User creating has been started
Eyl 19, 2022 2:33:45 ÖS com.example.workflow.CamundaLogger Log
INFO: Setting connection has started
Eyl 19, 2022 2:33:45 ÖS com.example.workflow.CamundaLogger Log
INFO: Connection has been set
Eyl 19, 2022 2:33:45 ÖS com.example.workflow.CamundaLogger Log
INFO: Setting user informations with id 123asd
Eyl 19, 2022 2:33:45 ÖS com.example.workflow.CamundaLogger Log
INFO: User informations has been set
Eyl 19, 2022 2:33:45 ÖS com.example.workflow.CamundaLogger Log
INFO: Setting user credentials with id 123asd
Eyl 19, 2022 2:33:45 ÖS com.example.workflow.CamundaLogger Log
INFO: User credentials has been set
Eyl 19, 2022 2:33:45 ÖS com.example.workflow.CamundaLogger Log
SEVERE: An error occured while calling api with POST request. Details : 
 Connect to localhost:7040 [localhost/127.0.0.1, localhost/0:0:0:0:0:0:0:1] failed: Connection refused: connect
Eyl 19, 2022 2:33:45 ÖS com.example.workflow.CamundaLogger Log
INFO: User created with id 123asd
